Запрос 1.
    План запроса со статистикой выполнения:
                                                          QUERY PLAN                                                   
    ---------------------------------------------------------------------------------------------------------------
     Index Scan using t1_id_idx on t1  (cost=0.43..8.45 rows=1 width=30) (actual time=0.010..0.010 rows=1 loops=1)
       Index Cond: (id = 50000)
     Planning Time: 0.192 ms
     Execution Time: 0.046 ms
    (4 rows)
    
    Изначально запрос медленно выполняется, т.к. выполняется последовательный скан таблицы (Seq Scan on t1).
    Чтобы ускорить запрос создадим индекс на столбец id таблицы t1 для ускорения доступа к данным (Index Scan using t1_id_idx on t1).
    С помощью команды analyze t1 PostgreSQL собирает статическую информацию о таблице и ее содержимом, что помогает оптимизатору запросов выбрать наиболее эффективный план выполнения.
    
Запрос 2.
    План запроса со статистикой выполнения:
                                                                                      QUERY PLAN                                                                         
           
    -------------------------------------------------------------------------------------------------------------------------------------------------------------------
    -------
     Finalize Aggregate  (cost=134925.89..134925.90 rows=1 width=32) (actual time=781.044..787.156 rows=1 loops=1)
       Buffers: shared hit=10285 read=20865
       ->  Gather  (cost=134925.26..134925.87 rows=6 width=32) (actual time=780.801..787.140 rows=7 loops=1)
             Workers Planned: 6
             Workers Launched: 6
             Buffers: shared hit=10285 read=20865
             ->  Partial Aggregate  (cost=133925.26..133925.27 rows=1 width=32) (actual time=775.529..775.533 rows=1 loops=7)
                   Buffers: shared hit=10285 read=20865
                   ->  Merge Left Join  (cost=2.76..131841.93 rows=833332 width=9) (actual time=0.455..521.309 rows=714286 loops=7)
                         Merge Cond: (t2.t_id = t1.id)
                         Buffers: shared hit=10285 read=20865
                         ->  Parallel Index Only Scan using t2_tidday_idx on t2  (cost=0.43..110245.71 rows=833332 width=13) (actual time=0.076..178.677 rows=714286 lo
    ops=7)
                               Heap Fetches: 0
                               Buffers: shared hit=10 read=19157
                         ->  Index Only Scan using t1_idname_idx on t1  (cost=0.42..17157.88 rows=707076 width=4) (actual time=0.071..128.285 rows=624257 loops=7)
                               Heap Fetches: 0
                               Buffers: shared hit=10275 read=1708
     Planning:
       Buffers: shared hit=96 read=7
     Planning Time: 0.596 ms
     Execution Time: 787.221 ms
    (21 rows)

    Изначально запрос медленно выполняется, т.к. выполняется последовательный скан таблиц t1 и t2, а также используется Hash Left Join.
    Для ускорения создадим индекс on t1(id) where name like 'a%' для фильтрации данных по этому условию и для более быстрого поиска строк из t1, соответствующих строкам из t2.
    Создадим индекс on t2(t_id, day) для соединения с таблицей t1 и для более быстрого поиска строк.
    Запретим использование полного скана таблиц и hashjoin. Увеличим максимальное количество параллельных рабочих процессов до 6. 
    Установим размер памяти, который PostgreSQL сможет использовать для операций сортировки и хеширования work_mem = 32MB.
    Используем команду analyze table.
    
Запрос 3:
    План запроса со статистикой выполнения:
                                                                                QUERY PLAN                                                                    
    -------------------------------------------------------------------------------------------------------------------------------------------------
     Index Only Scan using t2_tidday_idx on t2  (cost=284690.27..449102.13 rows=2499996 width=9) (actual time=6349.456..6349.457 rows=0 loops=1)
       Filter: (NOT (hashed SubPlan 1))
       Rows Removed by Filter: 5000000
       Heap Fetches: 0
       Buffers: shared hit=4 read=46485
       SubPlan 1
         ->  Index Only Scan using t1_id_idx on t1  (cost=0.43..259689.64 rows=10000080 width=4) (actual time=0.064..1190.974 rows=10000000 loops=1)
               Heap Fetches: 0
               Buffers: shared hit=3 read=27325
     Planning:
       Buffers: shared hit=29 read=2
     Planning Time: 0.274 ms
     Execution Time: 6382.968 ms
    (13 rows)
    
    Изначально запрос меделенно работает, т.к. выполняется последовательный скан таблиц t1 и t2, а также выделяется недостаточно work_mem, из-за чего происходит много обращений к диску.
    Добавим индексы on t1(id) и t2(t_id, day), чтобы использовался Index Only Scan.
    Запретим использовать последовательный скан таблиц.
    Установим work_mem = 256MB;

Запрос 4:
    План запроса со статистикой выполнения:
                                                                    QUERY PLAN                                                                
    ------------------------------------------------------------------------------------------------------------------------------------------
     Index Only Scan using t2_tidday_idx on t2  (cost=0.44..2156943.91 rows=415571 width=9) (actual time=0.150..1977.636 rows=823592 loops=1)
       Index Cond: (day > to_char(date_trunc('day'::text, (now() - '1 mon'::interval)), 'yyyymmdd'::text))
       Filter: (SubPlan 1)
       Heap Fetches: 0
       SubPlan 1
         ->  Index Only Scan using t1_id_idx on t1  (cost=0.43..4.45 rows=1 width=4) (actual time=0.001..0.001 rows=1 loops=823592)
               Index Cond: (id = t2.t_id)
               Heap Fetches: 0
     Planning Time: 0.591 ms
     Execution Time: 2005.004 ms
    (10 rows)
    
    Изначально запрос меделенно работает, т.к. выполняется последовательный скан таблиц t1 и t2.
    Добавим индексы on t1(id) и t2(t_id, day), чтобы использовался Index Only Scan.
    Планировщик сам решает не использовать последовательный скан таблиц.
    Установим work_mem = 256MB;
    
Статистика для задания 5:
    progress: 1.0 s, 16.0 tps, lat 526.045 ms stddev 211.859, 0 failed
    progress: 2.0 s, 134.1 tps, lat 77.009 ms stddev 30.121, 0 failed
    progress: 3.0 s, 146.0 tps, lat 66.933 ms stddev 16.497, 0 failed
    progress: 4.0 s, 143.0 tps, lat 71.060 ms stddev 17.627, 0 failed
    progress: 5.0 s, 157.0 tps, lat 63.120 ms stddev 15.849, 0 failed
    progress: 6.0 s, 134.0 tps, lat 73.760 ms stddev 18.512, 0 failed
    progress: 7.0 s, 154.0 tps, lat 65.374 ms stddev 18.218, 0 failed
    progress: 8.0 s, 165.0 tps, lat 61.249 ms stddev 16.798, 0 failed
    progress: 9.0 s, 180.0 tps, lat 55.401 ms stddev 13.169, 0 failed
    progress: 10.0 s, 144.0 tps, lat 67.850 ms stddev 16.330, 0 failed
    
    Добавил индекс on t1(id).
